d:\projektcpp\bankomat2\x64\debug\vc143.pdb
d:\projektcpp\bankomat2\x64\debug\vc143.idb
d:\projektcpp\bankomat2\x64\debug\mainmenu.obj
d:\projektcpp\bankomat2\x64\debug\main.obj
d:\projektcpp\bankomat2\x64\debug\card.obj
d:\projektcpp\bankomat2\x64\debug\button.obj
d:\projektcpp\bankomat2\x64\debug\atm.obj
d:\projektcpp\bankomat2\x64\debug\cash.obj
d:\projektcpp\bankomat2\x64\debug\bankomat.exe
d:\projektcpp\bankomat2\x64\debug\bankomat.ilk
d:\projektcpp\bankomat2\x64\debug\bankomat.pdb
d:\projektcpp\bankomat2\x64\debug\bankomat.obj
d:\projektcpp\bankomat2\x64\debug\okienko.obj
d:\projektcpp\bankomat2\x64\debug\textbox.obj
d:\projektcpp\bankomat2\x64\debug\main.obj.enc
d:\projektcpp\bankomat2\x64\debug\bankomat.tlog\cl.command.1.tlog
d:\projektcpp\bankomat2\x64\debug\bankomat.tlog\cl.items.tlog
d:\projektcpp\bankomat2\x64\debug\bankomat.tlog\cl.read.1.tlog
d:\projektcpp\bankomat2\x64\debug\bankomat.tlog\cl.write.1.tlog
d:\projektcpp\bankomat2\x64\debug\bankomat.tlog\link.command.1.tlog
d:\projektcpp\bankomat2\x64\debug\bankomat.tlog\link.read.1.tlog
d:\projektcpp\bankomat2\x64\debug\bankomat.tlog\link.write.1.tlog
